<?xml version="1.0" encoding="UTF-8"?>
<!-- Generated by org.testng.reporters.JUnitXMLReporter -->
<testsuite hostname="SATISH" ignored="0" name="Default test" tests="1" failures="1" timestamp="31 Jan 2020 18:45:42 GMT" time="19.923" errors="0">
  <testcase name="feature" time="19.532" classname="runner.TestRunner">
    <failure type="java.lang.NullPointerException">
      <![CDATA[java.lang.NullPointerException
at listener.ExtentReportListener.testStepHandle(ExtentReportListener.java:52)
at seleniumgluecode.Test.user_navigates_to_Login_Page(Test.java:56)
at ✽.user navigates to Login Page(src/test/java/feature/test.feature:6)
]]>
    </failure>
  </testcase> <!-- feature -->
</testsuite> <!-- Default test -->
